<?xml version="1.0" encoding="UTF-8"?>
<testng-results ignored="0" total="6" passed="5" failed="1" skipped="0">
  <reporter-output>
  </reporter-output>
  <suite started-at="2024-02-06T12:10:49 IST" name="Sanity Suite" finished-at="2024-02-06T12:11:22 IST" duration-ms="32434">
    <groups>
    </groups>
    <test started-at="2024-02-06T12:10:49 IST" name="Test" finished-at="2024-02-06T12:11:22 IST" duration-ms="32434">
      <class name="com.saucedemo.Test.TC03_VerifyAddToCartProduct">
        <test-method is-config="true" signature="setUp(java.lang.String)[pri:0, instance:com.saucedemo.Test.TC03_VerifyAddToCartProduct@783a467b]" started-at="2024-02-06T12:11:08 IST" name="setUp" finished-at="2024-02-06T12:11:10 IST" duration-ms="2698" status="PASS">
          <params>
            <param index="0">
              <value>
                <![CDATA[edge]]>
              </value>
            </param>
          </params>
          <reporter-output>
          </reporter-output>
        </test-method> <!-- setUp -->
        <test-method signature="VerifyAddToCartProduct()[pri:0, instance:com.saucedemo.Test.TC03_VerifyAddToCartProduct@783a467b]" started-at="2024-02-06T12:11:10 IST" name="VerifyAddToCartProduct" finished-at="2024-02-06T12:11:11 IST" duration-ms="671" status="PASS">
          <reporter-output>
          </reporter-output>
        </test-method> <!-- VerifyAddToCartProduct -->
        <test-method is-config="true" signature="tearDown()[pri:0, instance:com.saucedemo.Test.TC03_VerifyAddToCartProduct@783a467b]" started-at="2024-02-06T12:11:11 IST" name="tearDown" finished-at="2024-02-06T12:11:11 IST" duration-ms="161" status="PASS">
          <reporter-output>
          </reporter-output>
        </test-method> <!-- tearDown -->
      </class> <!-- com.saucedemo.Test.TC03_VerifyAddToCartProduct -->
      <class name="com.saucedemo.Test.TC02_VerifyLoginWithInvalidCredentials">
        <test-method is-config="true" signature="setUp(java.lang.String)[pri:0, instance:com.saucedemo.Test.TC02_VerifyLoginWithInvalidCredentials@593aaf41]" started-at="2024-02-06T12:10:49 IST" name="setUp" finished-at="2024-02-06T12:10:54 IST" duration-ms="4253" status="PASS">
          <params>
            <param index="0">
              <value>
                <![CDATA[edge]]>
              </value>
            </param>
          </params>
          <reporter-output>
          </reporter-output>
        </test-method> <!-- setUp -->
        <test-method signature="VerifyLoginWithInValidCredentials()[pri:0, instance:com.saucedemo.Test.TC02_VerifyLoginWithInvalidCredentials@593aaf41]" started-at="2024-02-06T12:10:54 IST" name="VerifyLoginWithInValidCredentials" finished-at="2024-02-06T12:11:04 IST" duration-ms="10364" status="FAIL">
          <exception class="org.openqa.selenium.NoSuchElementException">
            <message>
              <![CDATA[no such element: Unable to locate element: {"method":"xpath","selector":"//h3[contains(text() ,'Epic sadface:')]"}
  (Session info: MicrosoftEdge=121.0.2277.98)
For documentation on this error, please visit: https://www.selenium.dev/documentation/webdriver/troubleshooting/errors#no-such-element-exception
Build info: version: '4.17.0', revision: 'e52b1be057*'
System info: os.name: 'Windows 11', os.arch: 'amd64', os.version: '10.0', java.version: '17.0.9'
Driver info: org.openqa.selenium.edge.EdgeDriver
Command: [b39acd142af56bc7dddaa31f2ed96ce8, findElement {value=//h3[contains(text() ,'Epic sadface:')], using=xpath}]
Capabilities {acceptInsecureCerts: false, browserName: MicrosoftEdge, browserVersion: 121.0.2277.98, fedcm:accounts: true, ms:edgeOptions: {debuggerAddress: localhost:49223}, msedge: {msedgedriverVersion: 121.0.2277.98 (a3414ba067bc..., userDataDir: C:\Users\surya\AppData\Loca...}, networkConnectionEnabled: false, pageLoadStrategy: normal, platformName: windows, proxy: Proxy(), se:cdp: ws://localhost:49223/devtoo..., se:cdpVersion: 121.0.2277.98, setWindowRect: true, strictFileInteractability: false, timeouts: {implicit: 0, pageLoad: 300000, script: 30000}, unhandledPromptBehavior: dismiss and notify, webauthn:extension:credBlob: true, webauthn:extension:largeBlob: true, webauthn:extension:minPinLength: true, webauthn:extension:prf: true, webauthn:virtualAuthenticators: true}
Session ID: b39acd142af56bc7dddaa31f2ed96ce8]]>
            </message>
            <full-stacktrace>
              <![CDATA[org.openqa.selenium.NoSuchElementException: no such element: Unable to locate element: {"method":"xpath","selector":"//h3[contains(text() ,'Epic sadface:')]"}
  (Session info: MicrosoftEdge=121.0.2277.98)
For documentation on this error, please visit: https://www.selenium.dev/documentation/webdriver/troubleshooting/errors#no-such-element-exception
Build info: version: '4.17.0', revision: 'e52b1be057*'
System info: os.name: 'Windows 11', os.arch: 'amd64', os.version: '10.0', java.version: '17.0.9'
Driver info: org.openqa.selenium.edge.EdgeDriver
Command: [b39acd142af56bc7dddaa31f2ed96ce8, findElement {value=//h3[contains(text() ,'Epic sadface:')], using=xpath}]
Capabilities {acceptInsecureCerts: false, browserName: MicrosoftEdge, browserVersion: 121.0.2277.98, fedcm:accounts: true, ms:edgeOptions: {debuggerAddress: localhost:49223}, msedge: {msedgedriverVersion: 121.0.2277.98 (a3414ba067bc..., userDataDir: C:\Users\surya\AppData\Loca...}, networkConnectionEnabled: false, pageLoadStrategy: normal, platformName: windows, proxy: Proxy(), se:cdp: ws://localhost:49223/devtoo..., se:cdpVersion: 121.0.2277.98, setWindowRect: true, strictFileInteractability: false, timeouts: {implicit: 0, pageLoad: 300000, script: 30000}, unhandledPromptBehavior: dismiss and notify, webauthn:extension:credBlob: true, webauthn:extension:largeBlob: true, webauthn:extension:minPinLength: true, webauthn:extension:prf: true, webauthn:virtualAuthenticators: true}
Session ID: b39acd142af56bc7dddaa31f2ed96ce8
at java.base/jdk.internal.reflect.NativeConstructorAccessorImpl.newInstance0(Native Method)
at java.base/jdk.internal.reflect.NativeConstructorAccessorImpl.newInstance(NativeConstructorAccessorImpl.java:77)
at java.base/jdk.internal.reflect.DelegatingConstructorAccessorImpl.newInstance(DelegatingConstructorAccessorImpl.java:45)
at java.base/java.lang.reflect.Constructor.newInstanceWithCaller(Constructor.java:499)
at java.base/java.lang.reflect.Constructor.newInstance(Constructor.java:480)
at org.openqa.selenium.remote.codec.w3c.W3CHttpResponseCodec.createException(W3CHttpResponseCodec.java:185)
at org.openqa.selenium.remote.codec.w3c.W3CHttpResponseCodec.decode(W3CHttpResponseCodec.java:134)
at org.openqa.selenium.remote.codec.w3c.W3CHttpResponseCodec.decode(W3CHttpResponseCodec.java:51)
at org.openqa.selenium.remote.HttpCommandExecutor.execute(HttpCommandExecutor.java:190)
at org.openqa.selenium.remote.service.DriverCommandExecutor.invokeExecute(DriverCommandExecutor.java:216)
at org.openqa.selenium.remote.service.DriverCommandExecutor.execute(DriverCommandExecutor.java:174)
at org.openqa.selenium.remote.RemoteWebDriver.execute(RemoteWebDriver.java:519)
at org.openqa.selenium.remote.ElementLocation$ElementFinder$2.findElement(ElementLocation.java:165)
at org.openqa.selenium.remote.ElementLocation.findElement(ElementLocation.java:59)
at org.openqa.selenium.remote.RemoteWebDriver.findElement(RemoteWebDriver.java:356)
at org.openqa.selenium.remote.RemoteWebDriver.findElement(RemoteWebDriver.java:350)
at com.saucedemo.Test.TC02_VerifyLoginWithInvalidCredentials.VerifyLoginWithInValidCredentials(TC02_VerifyLoginWithInvalidCredentials.java:20)
at java.base/jdk.internal.reflect.NativeMethodAccessorImpl.invoke0(Native Method)
at java.base/jdk.internal.reflect.NativeMethodAccessorImpl.invoke(NativeMethodAccessorImpl.java:77)
at java.base/jdk.internal.reflect.DelegatingMethodAccessorImpl.invoke(DelegatingMethodAccessorImpl.java:43)
at java.base/java.lang.reflect.Method.invoke(Method.java:568)
at org.testng.internal.MethodInvocationHelper.invokeMethod(MethodInvocationHelper.java:133)
at org.testng.internal.TestInvoker.invokeMethod(TestInvoker.java:598)
at org.testng.internal.TestInvoker.invokeTestMethod(TestInvoker.java:173)
at org.testng.internal.MethodRunner.runInSequence(MethodRunner.java:46)
at org.testng.internal.TestInvoker$MethodInvocationAgent.invoke(TestInvoker.java:824)
at org.testng.internal.TestInvoker.invokeTestMethods(TestInvoker.java:146)
at org.testng.internal.TestMethodWorker.invokeTestMethods(TestMethodWorker.java:146)
at org.testng.internal.TestMethodWorker.run(TestMethodWorker.java:128)
at java.base/java.util.ArrayList.forEach(ArrayList.java:1511)
at org.testng.TestRunner.privateRun(TestRunner.java:794)
at org.testng.TestRunner.run(TestRunner.java:596)
at org.testng.SuiteRunner.runTest(SuiteRunner.java:377)
at org.testng.SuiteRunner.runSequentially(SuiteRunner.java:371)
at org.testng.SuiteRunner.privateRun(SuiteRunner.java:332)
at org.testng.SuiteRunner.run(SuiteRunner.java:276)
at org.testng.SuiteRunnerWorker.runSuite(SuiteRunnerWorker.java:53)
at org.testng.SuiteRunnerWorker.run(SuiteRunnerWorker.java:96)
at org.testng.TestNG.runSuitesSequentially(TestNG.java:1212)
at org.testng.TestNG.runSuitesLocally(TestNG.java:1134)
at org.testng.TestNG.runSuites(TestNG.java:1063)
at org.testng.TestNG.run(TestNG.java:1031)
at org.testng.remote.AbstractRemoteTestNG.run(AbstractRemoteTestNG.java:115)
at org.testng.remote.RemoteTestNG.initAndRun(RemoteTestNG.java:251)
at org.testng.remote.RemoteTestNG.main(RemoteTestNG.java:77)
]]>
            </full-stacktrace>
          </exception> <!-- org.openqa.selenium.NoSuchElementException -->
          <reporter-output>
          </reporter-output>
        </test-method> <!-- VerifyLoginWithInValidCredentials -->
        <test-method is-config="true" signature="tearDown()[pri:0, instance:com.saucedemo.Test.TC02_VerifyLoginWithInvalidCredentials@593aaf41]" started-at="2024-02-06T12:11:04 IST" name="tearDown" finished-at="2024-02-06T12:11:04 IST" duration-ms="270" status="PASS">
          <reporter-output>
          </reporter-output>
        </test-method> <!-- tearDown -->
      </class> <!-- com.saucedemo.Test.TC02_VerifyLoginWithInvalidCredentials -->
      <class name="com.saucedemo.Test.TC01_VerifyLoginWithValidCredentials">
        <test-method is-config="true" signature="setUp(java.lang.String)[pri:0, instance:com.saucedemo.Test.TC01_VerifyLoginWithValidCredentials@272113c4]" started-at="2024-02-06T12:11:11 IST" name="setUp" finished-at="2024-02-06T12:11:14 IST" duration-ms="2614" status="PASS">
          <params>
            <param index="0">
              <value>
                <![CDATA[edge]]>
              </value>
            </param>
          </params>
          <reporter-output>
          </reporter-output>
        </test-method> <!-- setUp -->
        <test-method signature="VerifyLoginWithValidCredentials()[pri:0, instance:com.saucedemo.Test.TC01_VerifyLoginWithValidCredentials@272113c4]" started-at="2024-02-06T12:11:14 IST" name="VerifyLoginWithValidCredentials" finished-at="2024-02-06T12:11:14 IST" duration-ms="509" status="PASS">
          <reporter-output>
          </reporter-output>
        </test-method> <!-- VerifyLoginWithValidCredentials -->
        <test-method is-config="true" signature="tearDown()[pri:0, instance:com.saucedemo.Test.TC01_VerifyLoginWithValidCredentials@272113c4]" started-at="2024-02-06T12:11:14 IST" name="tearDown" finished-at="2024-02-06T12:11:14 IST" duration-ms="181" status="PASS">
          <reporter-output>
          </reporter-output>
        </test-method> <!-- tearDown -->
      </class> <!-- com.saucedemo.Test.TC01_VerifyLoginWithValidCredentials -->
      <class name="com.saucedemo.Test.TC05_VerifyLoginByMouseAction">
        <test-method is-config="true" signature="setUp(java.lang.String)[pri:0, instance:com.saucedemo.Test.TC05_VerifyLoginByMouseAction@7db12bb6]" started-at="2024-02-06T12:11:04 IST" name="setUp" finished-at="2024-02-06T12:11:07 IST" duration-ms="2813" status="PASS">
          <params>
            <param index="0">
              <value>
                <![CDATA[edge]]>
              </value>
            </param>
          </params>
          <reporter-output>
          </reporter-output>
        </test-method> <!-- setUp -->
        <test-method signature="VerifyLoginByMouseAction()[pri:0, instance:com.saucedemo.Test.TC05_VerifyLoginByMouseAction@7db12bb6]" started-at="2024-02-06T12:11:07 IST" name="VerifyLoginByMouseAction" finished-at="2024-02-06T12:11:07 IST" duration-ms="327" status="PASS">
          <reporter-output>
          </reporter-output>
        </test-method> <!-- VerifyLoginByMouseAction -->
        <test-method is-config="true" signature="tearDown()[pri:0, instance:com.saucedemo.Test.TC05_VerifyLoginByMouseAction@7db12bb6]" started-at="2024-02-06T12:11:07 IST" name="tearDown" finished-at="2024-02-06T12:11:08 IST" duration-ms="197" status="PASS">
          <reporter-output>
          </reporter-output>
        </test-method> <!-- tearDown -->
      </class> <!-- com.saucedemo.Test.TC05_VerifyLoginByMouseAction -->
      <class name="com.saucedemo.Test.TC04_VerifyAddToCartByAllProducts">
        <test-method is-config="true" signature="setUp(java.lang.String)[pri:0, instance:com.saucedemo.Test.TC04_VerifyAddToCartByAllProducts@771a660]" started-at="2024-02-06T12:11:18 IST" name="setUp" finished-at="2024-02-06T12:11:21 IST" duration-ms="2512" status="PASS">
          <params>
            <param index="0">
              <value>
                <![CDATA[edge]]>
              </value>
            </param>
          </params>
          <reporter-output>
          </reporter-output>
        </test-method> <!-- setUp -->
        <test-method signature="VerifyAddToCartByAllProducts()[pri:0, instance:com.saucedemo.Test.TC04_VerifyAddToCartByAllProducts@771a660]" started-at="2024-02-06T12:11:21 IST" name="VerifyAddToCartByAllProducts" finished-at="2024-02-06T12:11:22 IST" duration-ms="980" status="PASS">
          <reporter-output>
          </reporter-output>
        </test-method> <!-- VerifyAddToCartByAllProducts -->
        <test-method is-config="true" signature="tearDown()[pri:0, instance:com.saucedemo.Test.TC04_VerifyAddToCartByAllProducts@771a660]" started-at="2024-02-06T12:11:22 IST" name="tearDown" finished-at="2024-02-06T12:11:22 IST" duration-ms="179" status="PASS">
          <reporter-output>
          </reporter-output>
        </test-method> <!-- tearDown -->
      </class> <!-- com.saucedemo.Test.TC04_VerifyAddToCartByAllProducts -->
      <class name="com.saucedemo.Test.TC06_VerifyDropdownBySelectingHitoLoOption">
        <test-method is-config="true" signature="setUp(java.lang.String)[pri:0, instance:com.saucedemo.Test.TC06_VerifyDropdownBySelectingHitoLoOption@73e9cf30]" started-at="2024-02-06T12:11:14 IST" name="setUp" finished-at="2024-02-06T12:11:17 IST" duration-ms="2643" status="PASS">
          <params>
            <param index="0">
              <value>
                <![CDATA[edge]]>
              </value>
            </param>
          </params>
          <reporter-output>
          </reporter-output>
        </test-method> <!-- setUp -->
        <test-method signature="VerifyDropdownBySelectingHitoLoOption()[pri:0, instance:com.saucedemo.Test.TC06_VerifyDropdownBySelectingHitoLoOption@73e9cf30]" started-at="2024-02-06T12:11:17 IST" name="VerifyDropdownBySelectingHitoLoOption" finished-at="2024-02-06T12:11:18 IST" duration-ms="824" status="PASS">
          <reporter-output>
          </reporter-output>
        </test-method> <!-- VerifyDropdownBySelectingHitoLoOption -->
        <test-method is-config="true" signature="tearDown()[pri:0, instance:com.saucedemo.Test.TC06_VerifyDropdownBySelectingHitoLoOption@73e9cf30]" started-at="2024-02-06T12:11:18 IST" name="tearDown" finished-at="2024-02-06T12:11:18 IST" duration-ms="176" status="PASS">
          <reporter-output>
          </reporter-output>
        </test-method> <!-- tearDown -->
      </class> <!-- com.saucedemo.Test.TC06_VerifyDropdownBySelectingHitoLoOption -->
    </test> <!-- Test -->
  </suite> <!-- Sanity Suite -->
</testng-results>
